e:\progect_workspace\github\my_server\main\data_struct_and_algorithm\x64\debug\vc141.pdb
e:\progect_workspace\github\my_server\main\data_struct_and_algorithm\x64\debug\vc141.idb
e:\progect_workspace\github\my_server\main\data_struct_and_algorithm\x64\debug\tree.obj
e:\progect_workspace\github\my_server\main\data_struct_and_algorithm\x64\debug\main.obj
e:\progect_workspace\github\my_server\main\data_struct_and_algorithm\x64\debug\leetcode.obj
e:\progect_workspace\github\my_server\main\x64\debug\data_struct_and_algorithm.exe
e:\progect_workspace\github\my_server\main\x64\debug\data_struct_and_algorithm.ilk
e:\progect_workspace\github\my_server\main\x64\debug\data_struct_and_algorithm.pdb
e:\progect_workspace\github\1\my_server\main\data_struct_and_algorithm\x64\debug\leetcode.obj
e:\progect_workspace\github\1\my_server\main\data_struct_and_algorithm\x64\debug\main.obj
e:\progect_workspace\github\1\my_server\main\data_struct_and_algorithm\x64\debug\tree.obj
e:\progect_workspace\github\1\my_server\main\data_struct_and_algorithm\x64\debug\vc141.idb
e:\progect_workspace\github\1\my_server\main\data_struct_and_algorithm\x64\debug\vc141.pdb
e:\progect_workspace\github\1\my_server\main\x64\debug\data_struct_and_algorithm.pdb
e:\progect_workspace\github\1\my_server\main\x64\debug\data_struct_and_algorithm.exe
e:\progect_workspace\github\1\my_server\main\x64\debug\data_struct_and_algorithm.ilk
e:\progect_workspace\github\1\my_server\main\data_struct_and_algorithm\x64\debug\data_str.39e568df.tlog\cl.command.1.tlog
e:\progect_workspace\github\1\my_server\main\data_struct_and_algorithm\x64\debug\data_str.39e568df.tlog\cl.read.1.tlog
e:\progect_workspace\github\1\my_server\main\data_struct_and_algorithm\x64\debug\data_str.39e568df.tlog\cl.write.1.tlog
e:\progect_workspace\github\1\my_server\main\data_struct_and_algorithm\x64\debug\data_str.39e568df.tlog\link.command.1.tlog
e:\progect_workspace\github\1\my_server\main\data_struct_and_algorithm\x64\debug\data_str.39e568df.tlog\link.read.1.tlog
e:\progect_workspace\github\1\my_server\main\data_struct_and_algorithm\x64\debug\data_str.39e568df.tlog\link.write.1.tlog
