e:\progect_workspace\github\my_server\main\opencv\x64\debug\vc141.pdb
e:\progect_workspace\github\my_server\main\opencv\x64\debug\vc141.idb
e:\progect_workspace\github\my_server\main\opencv\x64\debug\opencv_filter.obj
e:\progect_workspace\github\my_server\main\opencv\x64\debug\pch.obj
e:\progect_workspace\github\my_server\main\opencv\x64\debug\opencv_test.obj
e:\progect_workspace\github\my_server\main\opencv\x64\debug\opencv_gpu.obj
e:\progect_workspace\github\my_server\main\opencv\x64\debug\my_ffmpeg.obj
e:\progect_workspace\github\my_server\main\opencv\x64\debug\myvideocapture.obj
e:\progect_workspace\github\my_server\main\opencv\x64\debug\main.obj
e:\progect_workspace\github\my_server\main\opencv\x64\debug\identificateface.obj
e:\progect_workspace\github\my_server\main\x64\debug\opencv.exe
e:\progect_workspace\github\my_server\main\x64\debug\opencv.ilk
e:\progect_workspace\github\my_server\main\x64\debug\opencv.pdb
e:\progect_workspace\github\1\my_server\main\opencv\x64\debug\identificateface.obj
e:\progect_workspace\github\1\my_server\main\opencv\x64\debug\main.obj
e:\progect_workspace\github\1\my_server\main\opencv\x64\debug\myvideocapture.obj
e:\progect_workspace\github\1\my_server\main\opencv\x64\debug\my_ffmpeg.obj
e:\progect_workspace\github\1\my_server\main\opencv\x64\debug\opencv_filter.obj
e:\progect_workspace\github\1\my_server\main\opencv\x64\debug\opencv_gpu.obj
e:\progect_workspace\github\1\my_server\main\opencv\x64\debug\opencv_test.obj
e:\progect_workspace\github\1\my_server\main\opencv\x64\debug\pch.obj
e:\progect_workspace\github\1\my_server\main\opencv\x64\debug\vc141.idb
e:\progect_workspace\github\1\my_server\main\opencv\x64\debug\vc141.pdb
e:\progect_workspace\github\1\my_server\main\x64\debug\opencv.pdb
e:\progect_workspace\github\1\my_server\main\x64\debug\opencv.exe
e:\progect_workspace\github\1\my_server\main\x64\debug\opencv.ilk
e:\progect_workspace\github\1\my_server\main\opencv\x64\debug\opencv.tlog\cl.command.1.tlog
e:\progect_workspace\github\1\my_server\main\opencv\x64\debug\opencv.tlog\cl.read.1.tlog
e:\progect_workspace\github\1\my_server\main\opencv\x64\debug\opencv.tlog\cl.write.1.tlog
e:\progect_workspace\github\1\my_server\main\opencv\x64\debug\opencv.tlog\link.command.1.tlog
e:\progect_workspace\github\1\my_server\main\opencv\x64\debug\opencv.tlog\link.read.1.tlog
e:\progect_workspace\github\1\my_server\main\opencv\x64\debug\opencv.tlog\link.write.1.tlog
