e:\progect_workspace\github\my_server\main\main\x64\debug\vc141.pdb
e:\progect_workspace\github\my_server\main\main\x64\debug\vc141.idb
e:\progect_workspace\github\my_server\main\main\x64\debug\vector.obj
e:\progect_workspace\github\my_server\main\main\x64\debug\template.obj
e:\progect_workspace\github\my_server\main\main\x64\debug\stream.obj
e:\progect_workspace\github\my_server\main\main\x64\debug\sort.obj
e:\progect_workspace\github\my_server\main\main\x64\debug\p_class.obj
e:\progect_workspace\github\my_server\main\main\x64\debug\my_string.obj
e:\progect_workspace\github\my_server\main\main\x64\debug\main.obj
e:\progect_workspace\github\my_server\main\main\x64\debug\duotai.obj
e:\progect_workspace\github\my_server\main\main\x64\debug\cppyufa.obj
e:\progect_workspace\github\my_server\main\x64\debug\main.ilk
e:\progect_workspace\github\my_server\main\x64\debug\main.exe
e:\progect_workspace\github\my_server\main\x64\debug\main.pdb
e:\progect_workspace\github\1\my_server\main\main\x64\debug\cppyufa.obj
e:\progect_workspace\github\1\my_server\main\main\x64\debug\duotai.obj
e:\progect_workspace\github\1\my_server\main\main\x64\debug\main.obj
e:\progect_workspace\github\1\my_server\main\main\x64\debug\my_string.obj
e:\progect_workspace\github\1\my_server\main\main\x64\debug\p_class.obj
e:\progect_workspace\github\1\my_server\main\main\x64\debug\sort.obj
e:\progect_workspace\github\1\my_server\main\main\x64\debug\stream.obj
e:\progect_workspace\github\1\my_server\main\main\x64\debug\template.obj
e:\progect_workspace\github\1\my_server\main\main\x64\debug\vector.obj
e:\progect_workspace\github\1\my_server\main\main\x64\debug\vc141.idb
e:\progect_workspace\github\1\my_server\main\main\x64\debug\vc141.pdb
e:\progect_workspace\github\1\my_server\main\x64\debug\main.pdb
e:\progect_workspace\github\1\my_server\main\x64\debug\main.exe
e:\progect_workspace\github\1\my_server\main\x64\debug\main.ilk
e:\progect_workspace\github\1\my_server\main\main\x64\debug\main.tlog\cl.command.1.tlog
e:\progect_workspace\github\1\my_server\main\main\x64\debug\main.tlog\cl.read.1.tlog
e:\progect_workspace\github\1\my_server\main\main\x64\debug\main.tlog\cl.write.1.tlog
e:\progect_workspace\github\1\my_server\main\main\x64\debug\main.tlog\link.command.1.tlog
e:\progect_workspace\github\1\my_server\main\main\x64\debug\main.tlog\link.read.1.tlog
e:\progect_workspace\github\1\my_server\main\main\x64\debug\main.tlog\link.write.1.tlog
